
loading dataset ...
len(hyper) of ntire2022 dataset:897
len(bgr) of ntire2022 dataset:897
Ntire2022 scene 0 is loaded.
Ntire2022 scene 1 is loaded.
Ntire2022 scene 2 is loaded.
Ntire2022 scene 3 is loaded.
Ntire2022 scene 4 is loaded.
Ntire2022 scene 5 is loaded.
Ntire2022 scene 6 is loaded.
Ntire2022 scene 7 is loaded.
Ntire2022 scene 8 is loaded.
Ntire2022 scene 9 is loaded.
Ntire2022 scene 10 is loaded.
Ntire2022 scene 11 is loaded.
Ntire2022 scene 12 is loaded.
Ntire2022 scene 13 is loaded.
Ntire2022 scene 14 is loaded.
Ntire2022 scene 15 is loaded.
Ntire2022 scene 16 is loaded.
Ntire2022 scene 17 is loaded.
Ntire2022 scene 18 is loaded.
Ntire2022 scene 19 is loaded.
Ntire2022 scene 20 is loaded.
Ntire2022 scene 21 is loaded.
Ntire2022 scene 22 is loaded.
Ntire2022 scene 23 is loaded.
Ntire2022 scene 24 is loaded.
Ntire2022 scene 25 is loaded.
Ntire2022 scene 26 is loaded.
Ntire2022 scene 27 is loaded.
Ntire2022 scene 28 is loaded.
Ntire2022 scene 29 is loaded.
Ntire2022 scene 30 is loaded.
Ntire2022 scene 31 is loaded.
Ntire2022 scene 32 is loaded.
Ntire2022 scene 33 is loaded.
Ntire2022 scene 34 is loaded.
Ntire2022 scene 35 is loaded.
Ntire2022 scene 36 is loaded.
Ntire2022 scene 37 is loaded.
Ntire2022 scene 38 is loaded.
Ntire2022 scene 39 is loaded.
Ntire2022 scene 40 is loaded.
Ntire2022 scene 41 is loaded.
Ntire2022 scene 42 is loaded.
Ntire2022 scene 43 is loaded.
Ntire2022 scene 44 is loaded.
Ntire2022 scene 45 is loaded.
Ntire2022 scene 46 is loaded.
Ntire2022 scene 47 is loaded.
Ntire2022 scene 48 is loaded.
Ntire2022 scene 49 is loaded.
Ntire2022 scene 50 is loaded.
Ntire2022 scene 51 is loaded.
Ntire2022 scene 52 is loaded.
Ntire2022 scene 53 is loaded.
Ntire2022 scene 54 is loaded.
Ntire2022 scene 55 is loaded.
Ntire2022 scene 56 is loaded.
Ntire2022 scene 57 is loaded.
Ntire2022 scene 58 is loaded.
Ntire2022 scene 59 is loaded.
Ntire2022 scene 60 is loaded.
Ntire2022 scene 61 is loaded.
Ntire2022 scene 62 is loaded.
Ntire2022 scene 63 is loaded.
Ntire2022 scene 64 is loaded.
Ntire2022 scene 65 is loaded.
Ntire2022 scene 66 is loaded.
Ntire2022 scene 67 is loaded.
Ntire2022 scene 68 is loaded.
Ntire2022 scene 69 is loaded.
Ntire2022 scene 70 is loaded.
Ntire2022 scene 71 is loaded.
Ntire2022 scene 72 is loaded.
Ntire2022 scene 73 is loaded.
Ntire2022 scene 74 is loaded.
Ntire2022 scene 75 is loaded.
Ntire2022 scene 76 is loaded.
Ntire2022 scene 77 is loaded.
Ntire2022 scene 78 is loaded.
Ntire2022 scene 79 is loaded.
Ntire2022 scene 80 is loaded.
Ntire2022 scene 81 is loaded.
Ntire2022 scene 82 is loaded.
Ntire2022 scene 83 is loaded.
Ntire2022 scene 84 is loaded.
Ntire2022 scene 85 is loaded.
Ntire2022 scene 86 is loaded.
Ntire2022 scene 87 is loaded.
Ntire2022 scene 88 is loaded.
Ntire2022 scene 89 is loaded.
Ntire2022 scene 90 is loaded.
Ntire2022 scene 91 is loaded.
Ntire2022 scene 92 is loaded.
Ntire2022 scene 93 is loaded.
Ntire2022 scene 94 is loaded.
Ntire2022 scene 95 is loaded.
Ntire2022 scene 96 is loaded.
Ntire2022 scene 97 is loaded.
Ntire2022 scene 98 is loaded.
Ntire2022 scene 99 is loaded.
Ntire2022 scene 100 is loaded.
Ntire2022 scene 101 is loaded.
Ntire2022 scene 102 is loaded.
Ntire2022 scene 103 is loaded.
Ntire2022 scene 104 is loaded.
Ntire2022 scene 105 is loaded.
Ntire2022 scene 106 is loaded.
Ntire2022 scene 107 is loaded.
Ntire2022 scene 108 is loaded.
Ntire2022 scene 109 is loaded.
Ntire2022 scene 110 is loaded.
Ntire2022 scene 111 is loaded.
Ntire2022 scene 112 is loaded.
Ntire2022 scene 113 is loaded.
Ntire2022 scene 114 is loaded.
Ntire2022 scene 115 is loaded.
Ntire2022 scene 116 is loaded.
Ntire2022 scene 117 is loaded.
Ntire2022 scene 118 is loaded.
Ntire2022 scene 119 is loaded.
Ntire2022 scene 120 is loaded.
Ntire2022 scene 121 is loaded.
Ntire2022 scene 122 is loaded.
Ntire2022 scene 123 is loaded.
Ntire2022 scene 124 is loaded.
Ntire2022 scene 125 is loaded.
Ntire2022 scene 126 is loaded.
Ntire2022 scene 127 is loaded.
Ntire2022 scene 128 is loaded.
Ntire2022 scene 129 is loaded.
Ntire2022 scene 130 is loaded.
Ntire2022 scene 131 is loaded.
Ntire2022 scene 132 is loaded.
Ntire2022 scene 133 is loaded.
Ntire2022 scene 134 is loaded.
Ntire2022 scene 135 is loaded.
Ntire2022 scene 136 is loaded.
Ntire2022 scene 137 is loaded.
Ntire2022 scene 138 is loaded.
Ntire2022 scene 139 is loaded.
Ntire2022 scene 140 is loaded.
Ntire2022 scene 141 is loaded.
Ntire2022 scene 142 is loaded.
Ntire2022 scene 143 is loaded.
Ntire2022 scene 144 is loaded.
Ntire2022 scene 145 is loaded.
Ntire2022 scene 146 is loaded.
Ntire2022 scene 147 is loaded.
Ntire2022 scene 148 is loaded.
Ntire2022 scene 149 is loaded.
Ntire2022 scene 150 is loaded.
Ntire2022 scene 151 is loaded.
Ntire2022 scene 152 is loaded.
Ntire2022 scene 153 is loaded.
Ntire2022 scene 154 is loaded.
Ntire2022 scene 155 is loaded.
Ntire2022 scene 156 is loaded.
Ntire2022 scene 157 is loaded.
Ntire2022 scene 158 is loaded.
Ntire2022 scene 159 is loaded.
Ntire2022 scene 160 is loaded.
Ntire2022 scene 161 is loaded.
Ntire2022 scene 162 is loaded.
Ntire2022 scene 163 is loaded.
Ntire2022 scene 164 is loaded.
Ntire2022 scene 165 is loaded.
Ntire2022 scene 166 is loaded.
Ntire2022 scene 167 is loaded.
Ntire2022 scene 168 is loaded.
Ntire2022 scene 169 is loaded.
Ntire2022 scene 170 is loaded.
Ntire2022 scene 171 is loaded.
Ntire2022 scene 172 is loaded.
Ntire2022 scene 173 is loaded.
Ntire2022 scene 174 is loaded.
Ntire2022 scene 175 is loaded.
Ntire2022 scene 176 is loaded.
Ntire2022 scene 177 is loaded.
Ntire2022 scene 178 is loaded.
Ntire2022 scene 179 is loaded.
Ntire2022 scene 180 is loaded.
Ntire2022 scene 181 is loaded.
Ntire2022 scene 182 is loaded.
Ntire2022 scene 183 is loaded.
Ntire2022 scene 184 is loaded.
Ntire2022 scene 185 is loaded.
Ntire2022 scene 186 is loaded.
Ntire2022 scene 187 is loaded.
Ntire2022 scene 188 is loaded.
Ntire2022 scene 189 is loaded.
Ntire2022 scene 190 is loaded.
Ntire2022 scene 191 is loaded.
Ntire2022 scene 192 is loaded.
Ntire2022 scene 193 is loaded.
Ntire2022 scene 194 is loaded.
Ntire2022 scene 195 is loaded.
Ntire2022 scene 196 is loaded.
Ntire2022 scene 197 is loaded.
Ntire2022 scene 198 is loaded.
Ntire2022 scene 199 is loaded.
Ntire2022 scene 200 is loaded.
Ntire2022 scene 201 is loaded.
Ntire2022 scene 202 is loaded.
Ntire2022 scene 203 is loaded.
Ntire2022 scene 204 is loaded.
Ntire2022 scene 205 is loaded.
Ntire2022 scene 206 is loaded.
Ntire2022 scene 207 is loaded.
Ntire2022 scene 208 is loaded.
Ntire2022 scene 209 is loaded.
Ntire2022 scene 210 is loaded.
Ntire2022 scene 211 is loaded.
Ntire2022 scene 212 is loaded.
Ntire2022 scene 213 is loaded.
Ntire2022 scene 214 is loaded.
Ntire2022 scene 215 is loaded.
Ntire2022 scene 216 is loaded.
Ntire2022 scene 217 is loaded.
Ntire2022 scene 218 is loaded.
Ntire2022 scene 219 is loaded.
Ntire2022 scene 220 is loaded.
Ntire2022 scene 221 is loaded.
Ntire2022 scene 222 is loaded.
Ntire2022 scene 223 is loaded.
Ntire2022 scene 224 is loaded.
Ntire2022 scene 225 is loaded.
Ntire2022 scene 226 is loaded.
Ntire2022 scene 227 is loaded.
Ntire2022 scene 228 is loaded.
Ntire2022 scene 229 is loaded.
Ntire2022 scene 230 is loaded.
Ntire2022 scene 231 is loaded.
Ntire2022 scene 232 is loaded.
Ntire2022 scene 233 is loaded.
Ntire2022 scene 234 is loaded.
Ntire2022 scene 235 is loaded.
Ntire2022 scene 236 is loaded.
Ntire2022 scene 237 is loaded.
Ntire2022 scene 238 is loaded.
Ntire2022 scene 239 is loaded.
Ntire2022 scene 240 is loaded.
Ntire2022 scene 241 is loaded.
Ntire2022 scene 242 is loaded.
Ntire2022 scene 243 is loaded.
Ntire2022 scene 244 is loaded.
Ntire2022 scene 245 is loaded.
Ntire2022 scene 246 is loaded.
Ntire2022 scene 247 is loaded.
Ntire2022 scene 248 is loaded.
Ntire2022 scene 249 is loaded.
Ntire2022 scene 250 is loaded.
Ntire2022 scene 251 is loaded.
Ntire2022 scene 252 is loaded.
Ntire2022 scene 253 is loaded.
Ntire2022 scene 254 is loaded.
Ntire2022 scene 255 is loaded.
Ntire2022 scene 256 is loaded.
Ntire2022 scene 257 is loaded.
Ntire2022 scene 258 is loaded.
Ntire2022 scene 259 is loaded.
Ntire2022 scene 260 is loaded.
Ntire2022 scene 261 is loaded.
Ntire2022 scene 262 is loaded.
Ntire2022 scene 263 is loaded.
Ntire2022 scene 264 is loaded.
Ntire2022 scene 265 is loaded.
Ntire2022 scene 266 is loaded.
Ntire2022 scene 267 is loaded.
Ntire2022 scene 268 is loaded.
Ntire2022 scene 269 is loaded.
Ntire2022 scene 270 is loaded.
Ntire2022 scene 271 is loaded.
Ntire2022 scene 272 is loaded.
Ntire2022 scene 273 is loaded.
Ntire2022 scene 274 is loaded.
Ntire2022 scene 275 is loaded.
Ntire2022 scene 276 is loaded.
Ntire2022 scene 277 is loaded.
Ntire2022 scene 278 is loaded.
Ntire2022 scene 279 is loaded.
Ntire2022 scene 280 is loaded.
Ntire2022 scene 281 is loaded.
Ntire2022 scene 282 is loaded.
Ntire2022 scene 283 is loaded.
Ntire2022 scene 284 is loaded.
Ntire2022 scene 285 is loaded.
Ntire2022 scene 286 is loaded.
Ntire2022 scene 287 is loaded.
Ntire2022 scene 288 is loaded.
Ntire2022 scene 289 is loaded.
Ntire2022 scene 290 is loaded.
Ntire2022 scene 291 is loaded.
Ntire2022 scene 292 is loaded.
Ntire2022 scene 293 is loaded.
Ntire2022 scene 294 is loaded.
Ntire2022 scene 295 is loaded.
Ntire2022 scene 296 is loaded.
Ntire2022 scene 297 is loaded.
Ntire2022 scene 298 is loaded.
Ntire2022 scene 299 is loaded.
Ntire2022 scene 300 is loaded.
Ntire2022 scene 301 is loaded.
Ntire2022 scene 302 is loaded.
Ntire2022 scene 303 is loaded.
Ntire2022 scene 304 is loaded.
Ntire2022 scene 305 is loaded.
Ntire2022 scene 306 is loaded.
Ntire2022 scene 307 is loaded.
Ntire2022 scene 308 is loaded.
Ntire2022 scene 309 is loaded.
Ntire2022 scene 310 is loaded.
Ntire2022 scene 311 is loaded.
Ntire2022 scene 312 is loaded.
Ntire2022 scene 313 is loaded.
Ntire2022 scene 314 is loaded.
Ntire2022 scene 315 is loaded.
Ntire2022 scene 316 is loaded.
Ntire2022 scene 317 is loaded.
Ntire2022 scene 318 is loaded.
Ntire2022 scene 319 is loaded.
Ntire2022 scene 320 is loaded.
Ntire2022 scene 321 is loaded.
Ntire2022 scene 322 is loaded.
Ntire2022 scene 323 is loaded.
Ntire2022 scene 324 is loaded.
Ntire2022 scene 325 is loaded.
Ntire2022 scene 326 is loaded.
Ntire2022 scene 327 is loaded.
Ntire2022 scene 328 is loaded.
Ntire2022 scene 329 is loaded.
Ntire2022 scene 330 is loaded.
Ntire2022 scene 331 is loaded.
Ntire2022 scene 332 is loaded.
Ntire2022 scene 333 is loaded.
Ntire2022 scene 334 is loaded.
Ntire2022 scene 335 is loaded.
Ntire2022 scene 336 is loaded.
Ntire2022 scene 337 is loaded.
Ntire2022 scene 338 is loaded.
Ntire2022 scene 339 is loaded.
Ntire2022 scene 340 is loaded.
Ntire2022 scene 341 is loaded.
Ntire2022 scene 342 is loaded.
Ntire2022 scene 343 is loaded.
Ntire2022 scene 344 is loaded.
Ntire2022 scene 345 is loaded.
Ntire2022 scene 346 is loaded.
Ntire2022 scene 347 is loaded.
Ntire2022 scene 348 is loaded.
Ntire2022 scene 349 is loaded.
Ntire2022 scene 350 is loaded.
Ntire2022 scene 351 is loaded.
Ntire2022 scene 352 is loaded.
Ntire2022 scene 353 is loaded.
Ntire2022 scene 354 is loaded.
Ntire2022 scene 355 is loaded.
Ntire2022 scene 356 is loaded.
Ntire2022 scene 357 is loaded.
Ntire2022 scene 358 is loaded.
Ntire2022 scene 359 is loaded.
Ntire2022 scene 360 is loaded.
Ntire2022 scene 361 is loaded.
Ntire2022 scene 362 is loaded.
Ntire2022 scene 363 is loaded.
Ntire2022 scene 364 is loaded.
Ntire2022 scene 365 is loaded.
Ntire2022 scene 366 is loaded.
Ntire2022 scene 367 is loaded.
Ntire2022 scene 368 is loaded.
Ntire2022 scene 369 is loaded.
Ntire2022 scene 370 is loaded.
Ntire2022 scene 371 is loaded.
Ntire2022 scene 372 is loaded.
Ntire2022 scene 373 is loaded.
Ntire2022 scene 374 is loaded.
Ntire2022 scene 375 is loaded.
Ntire2022 scene 376 is loaded.
Ntire2022 scene 377 is loaded.
Ntire2022 scene 378 is loaded.
Ntire2022 scene 379 is loaded.
Ntire2022 scene 380 is loaded.
Ntire2022 scene 381 is loaded.
Ntire2022 scene 382 is loaded.
Ntire2022 scene 383 is loaded.
Ntire2022 scene 384 is loaded.
Ntire2022 scene 385 is loaded.
Ntire2022 scene 386 is loaded.
Ntire2022 scene 387 is loaded.
Ntire2022 scene 388 is loaded.
Ntire2022 scene 389 is loaded.
Ntire2022 scene 390 is loaded.
Ntire2022 scene 391 is loaded.
Ntire2022 scene 392 is loaded.
Ntire2022 scene 393 is loaded.
Ntire2022 scene 394 is loaded.
Ntire2022 scene 395 is loaded.
Ntire2022 scene 396 is loaded.
Ntire2022 scene 397 is loaded.
Ntire2022 scene 398 is loaded.
Ntire2022 scene 399 is loaded.
Ntire2022 scene 400 is loaded.
Ntire2022 scene 401 is loaded.
Ntire2022 scene 402 is loaded.
Ntire2022 scene 403 is loaded.
Ntire2022 scene 404 is loaded.
Ntire2022 scene 405 is loaded.
Ntire2022 scene 406 is loaded.
Ntire2022 scene 407 is loaded.
Ntire2022 scene 408 is loaded.
Ntire2022 scene 409 is loaded.
Ntire2022 scene 410 is loaded.
Ntire2022 scene 411 is loaded.
Ntire2022 scene 412 is loaded.
Ntire2022 scene 413 is loaded.
Ntire2022 scene 414 is loaded.
Ntire2022 scene 415 is loaded.
Ntire2022 scene 416 is loaded.
Ntire2022 scene 417 is loaded.
Ntire2022 scene 418 is loaded.
Ntire2022 scene 419 is loaded.
Ntire2022 scene 420 is loaded.
Ntire2022 scene 421 is loaded.
Ntire2022 scene 422 is loaded.
Ntire2022 scene 423 is loaded.
Ntire2022 scene 424 is loaded.
Ntire2022 scene 425 is loaded.
Ntire2022 scene 426 is loaded.
Ntire2022 scene 427 is loaded.
Ntire2022 scene 428 is loaded.
Ntire2022 scene 429 is loaded.
Ntire2022 scene 430 is loaded.
Ntire2022 scene 431 is loaded.
Ntire2022 scene 432 is loaded.
Ntire2022 scene 433 is loaded.
Ntire2022 scene 434 is loaded.
Ntire2022 scene 435 is loaded.
Ntire2022 scene 436 is loaded.
Ntire2022 scene 437 is loaded.
Ntire2022 scene 438 is loaded.
Ntire2022 scene 439 is loaded.
Ntire2022 scene 440 is loaded.
Ntire2022 scene 441 is loaded.
Ntire2022 scene 442 is loaded.
Ntire2022 scene 443 is loaded.
Ntire2022 scene 444 is loaded.
Ntire2022 scene 445 is loaded.
Ntire2022 scene 446 is loaded.
Ntire2022 scene 447 is loaded.
Ntire2022 scene 448 is loaded.
Ntire2022 scene 449 is loaded.
Ntire2022 scene 450 is loaded.
Ntire2022 scene 451 is loaded.
Ntire2022 scene 452 is loaded.
Ntire2022 scene 453 is loaded.
Ntire2022 scene 454 is loaded.
Ntire2022 scene 455 is loaded.
Ntire2022 scene 456 is loaded.
Ntire2022 scene 457 is loaded.
Ntire2022 scene 458 is loaded.
Ntire2022 scene 459 is loaded.
Ntire2022 scene 460 is loaded.
Ntire2022 scene 461 is loaded.
Ntire2022 scene 462 is loaded.
Ntire2022 scene 463 is loaded.
Ntire2022 scene 464 is loaded.
Ntire2022 scene 465 is loaded.
Ntire2022 scene 466 is loaded.
Ntire2022 scene 467 is loaded.
Ntire2022 scene 468 is loaded.
Ntire2022 scene 469 is loaded.
Ntire2022 scene 470 is loaded.
Ntire2022 scene 471 is loaded.
Ntire2022 scene 472 is loaded.
Ntire2022 scene 473 is loaded.
Ntire2022 scene 474 is loaded.
Ntire2022 scene 475 is loaded.
Ntire2022 scene 476 is loaded.
Ntire2022 scene 477 is loaded.
Ntire2022 scene 478 is loaded.
Ntire2022 scene 479 is loaded.
Ntire2022 scene 480 is loaded.
Ntire2022 scene 481 is loaded.
Ntire2022 scene 482 is loaded.
Ntire2022 scene 483 is loaded.
Ntire2022 scene 484 is loaded.
Ntire2022 scene 485 is loaded.
Ntire2022 scene 486 is loaded.
Ntire2022 scene 487 is loaded.
Ntire2022 scene 488 is loaded.
Ntire2022 scene 489 is loaded.
Ntire2022 scene 490 is loaded.
Ntire2022 scene 491 is loaded.
Ntire2022 scene 492 is loaded.
Ntire2022 scene 493 is loaded.
Ntire2022 scene 494 is loaded.
Ntire2022 scene 495 is loaded.
Ntire2022 scene 496 is loaded.
Ntire2022 scene 497 is loaded.
Ntire2022 scene 498 is loaded.
Ntire2022 scene 499 is loaded.
Ntire2022 scene 500 is loaded.
Ntire2022 scene 501 is loaded.
Ntire2022 scene 502 is loaded.
Ntire2022 scene 503 is loaded.
Ntire2022 scene 504 is loaded.
Ntire2022 scene 505 is loaded.
Ntire2022 scene 506 is loaded.
Ntire2022 scene 507 is loaded.
Ntire2022 scene 508 is loaded.
Ntire2022 scene 509 is loaded.
Ntire2022 scene 510 is loaded.
Ntire2022 scene 511 is loaded.
Ntire2022 scene 512 is loaded.
Ntire2022 scene 513 is loaded.
Ntire2022 scene 514 is loaded.
Ntire2022 scene 515 is loaded.
Ntire2022 scene 516 is loaded.
Ntire2022 scene 517 is loaded.
Ntire2022 scene 518 is loaded.
Ntire2022 scene 519 is loaded.
Ntire2022 scene 520 is loaded.
Ntire2022 scene 521 is loaded.
Ntire2022 scene 522 is loaded.
Ntire2022 scene 523 is loaded.
Ntire2022 scene 524 is loaded.
Ntire2022 scene 525 is loaded.
Ntire2022 scene 526 is loaded.
Ntire2022 scene 527 is loaded.
Ntire2022 scene 528 is loaded.
Ntire2022 scene 529 is loaded.
Ntire2022 scene 530 is loaded.
Ntire2022 scene 531 is loaded.
Ntire2022 scene 532 is loaded.
Ntire2022 scene 533 is loaded.
Ntire2022 scene 534 is loaded.
Ntire2022 scene 535 is loaded.
Ntire2022 scene 536 is loaded.
Ntire2022 scene 537 is loaded.
Ntire2022 scene 538 is loaded.
Ntire2022 scene 539 is loaded.
Ntire2022 scene 540 is loaded.
Ntire2022 scene 541 is loaded.
Ntire2022 scene 542 is loaded.
Ntire2022 scene 543 is loaded.
Ntire2022 scene 544 is loaded.
Ntire2022 scene 545 is loaded.
Ntire2022 scene 546 is loaded.
Ntire2022 scene 547 is loaded.
Ntire2022 scene 548 is loaded.
Ntire2022 scene 549 is loaded.
Ntire2022 scene 550 is loaded.
Ntire2022 scene 551 is loaded.
Ntire2022 scene 552 is loaded.
Ntire2022 scene 553 is loaded.
Ntire2022 scene 554 is loaded.
Ntire2022 scene 555 is loaded.
Ntire2022 scene 556 is loaded.
Ntire2022 scene 557 is loaded.
Ntire2022 scene 558 is loaded.
Ntire2022 scene 559 is loaded.
Ntire2022 scene 560 is loaded.
Ntire2022 scene 561 is loaded.
Ntire2022 scene 562 is loaded.
Ntire2022 scene 563 is loaded.
Ntire2022 scene 564 is loaded.
Ntire2022 scene 565 is loaded.
Ntire2022 scene 566 is loaded.
Ntire2022 scene 567 is loaded.
Ntire2022 scene 568 is loaded.
Ntire2022 scene 569 is loaded.
Ntire2022 scene 570 is loaded.
Ntire2022 scene 571 is loaded.
Ntire2022 scene 572 is loaded.
Ntire2022 scene 573 is loaded.
Ntire2022 scene 574 is loaded.
Ntire2022 scene 575 is loaded.
Ntire2022 scene 576 is loaded.
Ntire2022 scene 577 is loaded.
Ntire2022 scene 578 is loaded.
Ntire2022 scene 579 is loaded.
Ntire2022 scene 580 is loaded.
Ntire2022 scene 581 is loaded.
Ntire2022 scene 582 is loaded.
Ntire2022 scene 583 is loaded.
Ntire2022 scene 584 is loaded.
Ntire2022 scene 585 is loaded.
Ntire2022 scene 586 is loaded.
Ntire2022 scene 587 is loaded.
Ntire2022 scene 588 is loaded.
Ntire2022 scene 589 is loaded.
Ntire2022 scene 590 is loaded.
Ntire2022 scene 591 is loaded.
Ntire2022 scene 592 is loaded.
Ntire2022 scene 593 is loaded.
Ntire2022 scene 594 is loaded.
Ntire2022 scene 595 is loaded.
Ntire2022 scene 596 is loaded.
Ntire2022 scene 597 is loaded.
Ntire2022 scene 598 is loaded.
Ntire2022 scene 599 is loaded.
Ntire2022 scene 600 is loaded.
Ntire2022 scene 601 is loaded.
Ntire2022 scene 602 is loaded.
Ntire2022 scene 603 is loaded.
Ntire2022 scene 604 is loaded.
Ntire2022 scene 605 is loaded.
Ntire2022 scene 606 is loaded.
Ntire2022 scene 607 is loaded.
Ntire2022 scene 608 is loaded.
Ntire2022 scene 609 is loaded.
Ntire2022 scene 610 is loaded.
Ntire2022 scene 611 is loaded.
Ntire2022 scene 612 is loaded.
Ntire2022 scene 613 is loaded.
Ntire2022 scene 614 is loaded.
Ntire2022 scene 615 is loaded.
Ntire2022 scene 616 is loaded.
Ntire2022 scene 617 is loaded.
Ntire2022 scene 618 is loaded.
Ntire2022 scene 619 is loaded.
Ntire2022 scene 620 is loaded.
Ntire2022 scene 621 is loaded.
Ntire2022 scene 622 is loaded.
Ntire2022 scene 623 is loaded.
Ntire2022 scene 624 is loaded.
Ntire2022 scene 625 is loaded.
Ntire2022 scene 626 is loaded.
Ntire2022 scene 627 is loaded.
Ntire2022 scene 628 is loaded.
Ntire2022 scene 629 is loaded.
Ntire2022 scene 630 is loaded.
Ntire2022 scene 631 is loaded.
Ntire2022 scene 632 is loaded.
Ntire2022 scene 633 is loaded.
Ntire2022 scene 634 is loaded.
Ntire2022 scene 635 is loaded.
Ntire2022 scene 636 is loaded.
Ntire2022 scene 637 is loaded.
Ntire2022 scene 638 is loaded.
Ntire2022 scene 639 is loaded.
Ntire2022 scene 640 is loaded.
Ntire2022 scene 641 is loaded.
Ntire2022 scene 642 is loaded.
Ntire2022 scene 643 is loaded.
Ntire2022 scene 644 is loaded.
Ntire2022 scene 645 is loaded.
Ntire2022 scene 646 is loaded.
Ntire2022 scene 647 is loaded.
Ntire2022 scene 648 is loaded.
Ntire2022 scene 649 is loaded.
Ntire2022 scene 650 is loaded.
Ntire2022 scene 651 is loaded.
Ntire2022 scene 652 is loaded.
Ntire2022 scene 653 is loaded.
Ntire2022 scene 654 is loaded.
Ntire2022 scene 655 is loaded.
Ntire2022 scene 656 is loaded.
Ntire2022 scene 657 is loaded.
Ntire2022 scene 658 is loaded.
Ntire2022 scene 659 is loaded.
Ntire2022 scene 660 is loaded.
Ntire2022 scene 661 is loaded.
Ntire2022 scene 662 is loaded.
Ntire2022 scene 663 is loaded.
Ntire2022 scene 664 is loaded.
Ntire2022 scene 665 is loaded.
Ntire2022 scene 666 is loaded.
Ntire2022 scene 667 is loaded.
Ntire2022 scene 668 is loaded.
Ntire2022 scene 669 is loaded.
Ntire2022 scene 670 is loaded.
Ntire2022 scene 671 is loaded.
Ntire2022 scene 672 is loaded.
Ntire2022 scene 673 is loaded.
Ntire2022 scene 674 is loaded.
Ntire2022 scene 675 is loaded.
Ntire2022 scene 676 is loaded.
Ntire2022 scene 677 is loaded.
Ntire2022 scene 678 is loaded.
Ntire2022 scene 679 is loaded.
Ntire2022 scene 680 is loaded.
Ntire2022 scene 681 is loaded.
Ntire2022 scene 682 is loaded.
Ntire2022 scene 683 is loaded.
Ntire2022 scene 684 is loaded.
Ntire2022 scene 685 is loaded.
Ntire2022 scene 686 is loaded.
Ntire2022 scene 687 is loaded.
Ntire2022 scene 688 is loaded.
Ntire2022 scene 689 is loaded.
Ntire2022 scene 690 is loaded.
Ntire2022 scene 691 is loaded.
Ntire2022 scene 692 is loaded.
Ntire2022 scene 693 is loaded.
Ntire2022 scene 694 is loaded.
Ntire2022 scene 695 is loaded.
Ntire2022 scene 696 is loaded.
Ntire2022 scene 697 is loaded.
Ntire2022 scene 698 is loaded.
Ntire2022 scene 699 is loaded.
Ntire2022 scene 700 is loaded.
Ntire2022 scene 701 is loaded.
Ntire2022 scene 702 is loaded.
Ntire2022 scene 703 is loaded.
Ntire2022 scene 704 is loaded.
Ntire2022 scene 705 is loaded.
Ntire2022 scene 706 is loaded.
Ntire2022 scene 707 is loaded.
Ntire2022 scene 708 is loaded.
Ntire2022 scene 709 is loaded.
Ntire2022 scene 710 is loaded.
Ntire2022 scene 711 is loaded.
Ntire2022 scene 712 is loaded.
Ntire2022 scene 713 is loaded.
Ntire2022 scene 714 is loaded.
Ntire2022 scene 715 is loaded.
Ntire2022 scene 716 is loaded.
Ntire2022 scene 717 is loaded.
Ntire2022 scene 718 is loaded.
Ntire2022 scene 719 is loaded.
Ntire2022 scene 720 is loaded.
Ntire2022 scene 721 is loaded.
Ntire2022 scene 722 is loaded.
Ntire2022 scene 723 is loaded.
Ntire2022 scene 724 is loaded.
Ntire2022 scene 725 is loaded.
Ntire2022 scene 726 is loaded.
Ntire2022 scene 727 is loaded.
Ntire2022 scene 728 is loaded.
Ntire2022 scene 729 is loaded.
Ntire2022 scene 730 is loaded.
Ntire2022 scene 731 is loaded.
Ntire2022 scene 732 is loaded.
Ntire2022 scene 733 is loaded.
Ntire2022 scene 734 is loaded.
Ntire2022 scene 735 is loaded.
Ntire2022 scene 736 is loaded.
Ntire2022 scene 737 is loaded.
Ntire2022 scene 738 is loaded.
Ntire2022 scene 739 is loaded.
Ntire2022 scene 740 is loaded.
Ntire2022 scene 741 is loaded.
Ntire2022 scene 742 is loaded.
Ntire2022 scene 743 is loaded.
Ntire2022 scene 744 is loaded.
Ntire2022 scene 745 is loaded.
Ntire2022 scene 746 is loaded.
Ntire2022 scene 747 is loaded.
Ntire2022 scene 748 is loaded.
Ntire2022 scene 749 is loaded.
Ntire2022 scene 750 is loaded.
Ntire2022 scene 751 is loaded.
Ntire2022 scene 752 is loaded.
Ntire2022 scene 753 is loaded.
Ntire2022 scene 754 is loaded.
Ntire2022 scene 755 is loaded.
Ntire2022 scene 756 is loaded.
Ntire2022 scene 757 is loaded.
Ntire2022 scene 758 is loaded.
Ntire2022 scene 759 is loaded.
Ntire2022 scene 760 is loaded.
Ntire2022 scene 761 is loaded.
Ntire2022 scene 762 is loaded.
Ntire2022 scene 763 is loaded.
Ntire2022 scene 764 is loaded.
Ntire2022 scene 765 is loaded.
Ntire2022 scene 766 is loaded.
Ntire2022 scene 767 is loaded.
Ntire2022 scene 768 is loaded.
Ntire2022 scene 769 is loaded.
Ntire2022 scene 770 is loaded.
Ntire2022 scene 771 is loaded.
Ntire2022 scene 772 is loaded.
Ntire2022 scene 773 is loaded.
Ntire2022 scene 774 is loaded.
Ntire2022 scene 775 is loaded.
Ntire2022 scene 776 is loaded.
Ntire2022 scene 777 is loaded.
Ntire2022 scene 778 is loaded.
Ntire2022 scene 779 is loaded.
Ntire2022 scene 780 is loaded.
Ntire2022 scene 781 is loaded.
Ntire2022 scene 782 is loaded.
Ntire2022 scene 783 is loaded.
Ntire2022 scene 784 is loaded.
Ntire2022 scene 785 is loaded.
Ntire2022 scene 786 is loaded.
Ntire2022 scene 787 is loaded.
Ntire2022 scene 788 is loaded.
Ntire2022 scene 789 is loaded.
Ntire2022 scene 790 is loaded.
Ntire2022 scene 791 is loaded.
Ntire2022 scene 792 is loaded.
Ntire2022 scene 793 is loaded.
Ntire2022 scene 794 is loaded.
Ntire2022 scene 795 is loaded.
Ntire2022 scene 796 is loaded.
Ntire2022 scene 797 is loaded.
Ntire2022 scene 798 is loaded.
Ntire2022 scene 799 is loaded.
Ntire2022 scene 800 is loaded.
Ntire2022 scene 801 is loaded.
Ntire2022 scene 802 is loaded.
Ntire2022 scene 803 is loaded.
Ntire2022 scene 804 is loaded.
Ntire2022 scene 805 is loaded.
Ntire2022 scene 806 is loaded.
Ntire2022 scene 807 is loaded.
Ntire2022 scene 808 is loaded.
Ntire2022 scene 809 is loaded.
Ntire2022 scene 810 is loaded.
Ntire2022 scene 811 is loaded.
Ntire2022 scene 812 is loaded.
Ntire2022 scene 813 is loaded.
Ntire2022 scene 814 is loaded.
Ntire2022 scene 815 is loaded.
Ntire2022 scene 816 is loaded.
Ntire2022 scene 817 is loaded.
Ntire2022 scene 818 is loaded.
Ntire2022 scene 819 is loaded.
Ntire2022 scene 820 is loaded.
Ntire2022 scene 821 is loaded.
Ntire2022 scene 822 is loaded.
Ntire2022 scene 823 is loaded.
Ntire2022 scene 824 is loaded.
Ntire2022 scene 825 is loaded.
Ntire2022 scene 826 is loaded.
Ntire2022 scene 827 is loaded.
Ntire2022 scene 828 is loaded.
Ntire2022 scene 829 is loaded.
Ntire2022 scene 830 is loaded.
Ntire2022 scene 831 is loaded.
Ntire2022 scene 832 is loaded.
Ntire2022 scene 833 is loaded.
Ntire2022 scene 834 is loaded.
Ntire2022 scene 835 is loaded.
Ntire2022 scene 836 is loaded.
Ntire2022 scene 837 is loaded.
Ntire2022 scene 838 is loaded.
Ntire2022 scene 839 is loaded.
Ntire2022 scene 840 is loaded.
Ntire2022 scene 841 is loaded.
Ntire2022 scene 842 is loaded.
Ntire2022 scene 843 is loaded.
Ntire2022 scene 844 is loaded.
Ntire2022 scene 845 is loaded.
Ntire2022 scene 846 is loaded.
Ntire2022 scene 847 is loaded.
Ntire2022 scene 848 is loaded.
Ntire2022 scene 849 is loaded.
Ntire2022 scene 850 is loaded.
Ntire2022 scene 851 is loaded.
Ntire2022 scene 852 is loaded.
Ntire2022 scene 853 is loaded.
Ntire2022 scene 854 is loaded.
Ntire2022 scene 855 is loaded.
Ntire2022 scene 856 is loaded.
Ntire2022 scene 857 is loaded.
Ntire2022 scene 858 is loaded.
Ntire2022 scene 859 is loaded.
Ntire2022 scene 860 is loaded.
Ntire2022 scene 861 is loaded.
Ntire2022 scene 862 is loaded.
Ntire2022 scene 863 is loaded.
Ntire2022 scene 864 is loaded.
Ntire2022 scene 865 is loaded.
Ntire2022 scene 866 is loaded.
Ntire2022 scene 867 is loaded.
Ntire2022 scene 868 is loaded.
Ntire2022 scene 869 is loaded.
Ntire2022 scene 870 is loaded.
Ntire2022 scene 871 is loaded.
Ntire2022 scene 872 is loaded.
Ntire2022 scene 873 is loaded.
Ntire2022 scene 874 is loaded.
Ntire2022 scene 875 is loaded.
Ntire2022 scene 876 is loaded.
Ntire2022 scene 877 is loaded.
Ntire2022 scene 878 is loaded.
Ntire2022 scene 879 is loaded.
Ntire2022 scene 880 is loaded.
Ntire2022 scene 881 is loaded.
Ntire2022 scene 882 is loaded.
Ntire2022 scene 883 is loaded.
Ntire2022 scene 884 is loaded.
Ntire2022 scene 885 is loaded.
Ntire2022 scene 886 is loaded.
Ntire2022 scene 887 is loaded.
Ntire2022 scene 888 is loaded.
Ntire2022 scene 889 is loaded.
Ntire2022 scene 890 is loaded.
Ntire2022 scene 891 is loaded.
Ntire2022 scene 892 is loaded.
Ntire2022 scene 893 is loaded.
Ntire2022 scene 894 is loaded.
Ntire2022 scene 895 is loaded.
Ntire2022 scene 896 is loaded.
Iteration per epoch: 1977885
len(hyper_valid) of ntire2022 dataset:50
len(bgr_valid) of ntire2022 dataset:50
Ntire2022 scene 0 is loaded.
Ntire2022 scene 1 is loaded.
Ntire2022 scene 2 is loaded.
Ntire2022 scene 3 is loaded.
Ntire2022 scene 4 is loaded.
Ntire2022 scene 5 is loaded.
Ntire2022 scene 6 is loaded.
Ntire2022 scene 7 is loaded.
Ntire2022 scene 8 is loaded.
Ntire2022 scene 9 is loaded.
Ntire2022 scene 10 is loaded.
Ntire2022 scene 11 is loaded.
Ntire2022 scene 12 is loaded.
Ntire2022 scene 13 is loaded.
Ntire2022 scene 14 is loaded.
Ntire2022 scene 15 is loaded.
Ntire2022 scene 16 is loaded.
Ntire2022 scene 17 is loaded.
Ntire2022 scene 18 is loaded.
Ntire2022 scene 19 is loaded.
Ntire2022 scene 20 is loaded.
Ntire2022 scene 21 is loaded.
Ntire2022 scene 22 is loaded.
Ntire2022 scene 23 is loaded.
Ntire2022 scene 24 is loaded.
Ntire2022 scene 25 is loaded.
Ntire2022 scene 26 is loaded.
Ntire2022 scene 27 is loaded.
Ntire2022 scene 28 is loaded.
Ntire2022 scene 29 is loaded.
Ntire2022 scene 30 is loaded.
Ntire2022 scene 31 is loaded.
Ntire2022 scene 32 is loaded.
Ntire2022 scene 33 is loaded.
Ntire2022 scene 34 is loaded.
Ntire2022 scene 35 is loaded.
Ntire2022 scene 36 is loaded.
Ntire2022 scene 37 is loaded.
Ntire2022 scene 38 is loaded.
Ntire2022 scene 39 is loaded.
Ntire2022 scene 40 is loaded.
Ntire2022 scene 41 is loaded.
Ntire2022 scene 42 is loaded.
Ntire2022 scene 43 is loaded.
Ntire2022 scene 44 is loaded.
Ntire2022 scene 45 is loaded.
Ntire2022 scene 46 is loaded.
Ntire2022 scene 47 is loaded.
Ntire2022 scene 48 is loaded.
Ntire2022 scene 49 is loaded.
Validation set samples:  50
Parameters number is  1619625
